2018-07-07 02:28:37,395 - INFO: 买入价格：6557.39买入数量：0.0045
2018-07-07 02:28:38,495 - INFO: 订单已成交
2018-07-07 02:28:49,649 - INFO: 卖出价格：6554.2卖出数量：0.0045
2018-07-07 02:28:51,100 - INFO: submitted
2018-07-07 02:28:51,101 - INFO: +订单正在等待撮合...
2018-07-07 02:28:56,848 - INFO: submitted
2018-07-07 02:28:56,848 - INFO: +订单正在等待撮合...
2018-07-07 02:28:59,516 - INFO: submitted
2018-07-07 02:28:59,516 - INFO: +订单正在等待撮合...
2018-07-07 02:29:00,517 - INFO: 订单等待时间过长，取消订单并重新生成
2018-07-07 02:29:00,517 - INFO: 撤销订单
2018-07-07 02:29:06,825 - WARNING: USDT数量不足
2018-07-07 02:29:11,939 - INFO: 卖出价格：6552.18卖出数量：0.0045
2018-07-07 02:29:13,441 - INFO: submitted
2018-07-07 02:29:13,441 - INFO: +订单正在等待撮合...
2018-07-07 02:29:24,388 - INFO: submitted
2018-07-07 02:29:24,388 - INFO: +订单正在等待撮合...
2018-07-07 02:29:29,283 - INFO: submitted
2018-07-07 02:29:29,283 - INFO: +订单正在等待撮合...
2018-07-07 02:29:30,284 - INFO: 订单等待时间过长，取消订单并重新生成
2018-07-07 02:29:30,284 - INFO: 撤销订单
2018-07-07 02:29:35,961 - WARNING: USDT数量不足
2018-07-07 02:29:38,991 - INFO: 卖出价格：6552.09卖出数量：0.0045
2018-07-07 02:29:41,778 - INFO: 订单已成交
2018-07-07 02:29:45,161 - INFO: 买入价格：6552.09买入数量：0.0045
2018-07-07 02:30:37,911 - INFO: 订单已成交
2018-07-07 02:30:43,981 - INFO: 卖出价格：6550.0卖出数量：0.0045
2018-07-07 02:30:46,056 - INFO: 订单已成交
2018-07-07 02:30:54,997 - INFO: 买入价格：6550.0买入数量：0.0045
2018-07-07 02:30:57,017 - INFO: submitted
2018-07-07 02:30:57,017 - INFO: +订单正在等待撮合...
2018-07-07 02:30:58,945 - INFO: submitted
2018-07-07 02:30:58,945 - INFO: +订单正在等待撮合...
2018-07-07 02:31:04,085 - INFO: submitted
2018-07-07 02:31:04,085 - INFO: +订单正在等待撮合...
2018-07-07 02:31:05,086 - INFO: 订单等待时间过长，取消订单并重新生成
2018-07-07 02:31:05,086 - INFO: 撤销订单
2018-07-07 02:31:16,166 - INFO: 买入价格：6559.43买入数量：0.0045
2018-07-07 02:31:17,116 - INFO: 订单已成交
2018-07-07 02:31:23,795 - INFO: 卖出价格：6559.42卖出数量：0.0045
2018-07-07 02:31:27,741 - INFO: 订单已成交
2018-07-07 02:31:31,110 - INFO: 买入价格：6559.45买入数量：0.0045
2018-07-07 02:31:32,786 - INFO: submitted
2018-07-07 02:31:32,786 - INFO: +订单正在等待撮合...
2018-07-07 02:31:46,996 - INFO: submitted
2018-07-07 02:31:46,996 - INFO: +订单正在等待撮合...
2018-07-07 02:31:52,136 - INFO: submitted
2018-07-07 02:31:52,136 - INFO: +订单正在等待撮合...
2018-07-07 02:31:53,139 - INFO: 订单等待时间过长，取消订单并重新生成
2018-07-07 02:31:53,139 - INFO: 撤销订单
