2018-07-07 02:14:30,821 - INFO: 买入价格：6593.75买入数量：0.0045
2018-07-07 02:14:37,268 - WARNING: 卖出失败
2018-07-07 02:14:39,663 - WARNING: 卖出失败
2018-07-07 02:14:54,548 - WARNING: 卖出失败
2018-07-07 02:17:05,973 - INFO: 买入价格：6582.75买入数量：0.0045
2018-07-07 02:17:07,705 - INFO: submitted
2018-07-07 02:17:07,705 - INFO: +订单正在等待撮合...
2018-07-07 02:17:33,681 - INFO: 卖出价格：6584.61卖出数量：0.0045
2018-07-07 02:17:40,874 - INFO: partial_filled
2018-07-07 02:17:40,874 - INFO: +订单正在等待撮合...
2018-07-07 02:17:42,813 - INFO: partial_filled
2018-07-07 02:17:42,814 - INFO: +订单正在等待撮合...
2018-07-07 02:17:45,889 - INFO: partial_filled
2018-07-07 02:17:45,920 - INFO: +订单正在等待撮合...
2018-07-07 02:17:46,920 - INFO: 订单等待时间过长，取消订单并重新生成
2018-07-07 02:17:46,920 - INFO: 撤销订单
2018-07-07 02:17:54,656 - WARNING: USDT数量不足
2018-07-07 02:18:00,863 - WARNING: 卖出失败
2018-07-07 02:18:07,599 - WARNING: 卖出失败
2018-07-07 02:18:13,075 - WARNING: 卖出失败
2018-07-07 02:22:33,175 - INFO: 买入价格：6551.36买入数量：0.0045
2018-07-07 02:22:37,671 - INFO: 卖出价格：6551.3卖出数量：0.0045
2018-07-07 02:22:38,619 - INFO: partial_filled
2018-07-07 02:22:38,619 - INFO: +订单部分已成交...
2018-07-07 02:22:46,178 - INFO: 买入价格：6551.37买入数量：0.0045
2018-07-07 02:22:47,113 - INFO: submitted
2018-07-07 02:22:47,113 - INFO: +订单正在等待撮合...
2018-07-07 02:22:49,603 - INFO: submitted
2018-07-07 02:22:49,604 - INFO: +订单正在等待撮合...
2018-07-07 02:22:55,185 - WARNING: 卖出失败
2018-07-07 02:23:01,046 - WARNING: 卖出失败
2018-07-07 02:23:04,023 - WARNING: 卖出失败
2018-07-07 02:23:05,917 - WARNING: 卖出失败
