买入
买入前USDT数量
usdt
106.236893505569890981
0.000000000000000000
106.236893505569890981
None
0.783138
63.85
{'status': 0, 'data': 'vRHluZyNUFIpYoZcxJ9z7EkT-FPaQ_-2JdrGviApeds='}
买入后USDT数量
usdt
56.233532205569890981
50.003361300000000000
106.236893505569890981
None
卖出
卖出前USDT数量
usdt
56.233532205569890981
50.003361300000000000
106.236893505569890981
None
0.783128
63.85
{'status': 0, 'data': '1c2zgH-eLscv2GDpGIO-uxVa7gkHk9a2zcopL0Dd864='}
卖出后USDT数量
usdt
95.350775805569890981
50.003361300000000000
145.354137105569890981
None
